[11:37:36] [main/ERROR]: Unable to bootstrap registry 'minecraft:chunk_generator_type'
[11:37:36] [main/ERROR]: Registry 'minecraft:chunk_generator_type' was empty after loading
[11:37:37] [main/WARN]: Ambiguity between arguments [teleport, destination] and [teleport, targets] with inputs: [Player, 0123, @e, dd12be42-52a9-4a91-a8a1-11c01849e498]
[11:37:37] [main/WARN]: Ambiguity between arguments [teleport, location] and [teleport, destination] with inputs: [0.1 -0.5 .9, 0 0 0]
[11:37:37] [main/WARN]: Ambiguity between arguments [teleport, location] and [teleport, targets] with inputs: [0.1 -0.5 .9, 0 0 0]
[11:37:37] [main/WARN]: Ambiguity between arguments [teleport, targets] and [teleport, destination] with inputs: [Player, 0123, dd12be42-52a9-4a91-a8a1-11c01849e498]
[11:37:37] [main/WARN]: Ambiguity between arguments [teleport, targets, location] and [teleport, targets, destination] with inputs: [0.1 -0.5 .9, 0 0 0]
[11:37:37] [Server thread/INFO]: Starting minecraft server version 20w14~
[11:37:37] [Server thread/INFO]: Loading properties
[11:37:37] [Server thread/INFO]: Default game type: SURVIVAL
[11:37:37] [Server thread/INFO]: Generating keypair
[11:37:37] [Server thread/INFO]: Starting Minecraft server on *:25565
[11:37:37] [Server thread/INFO]: Using epoll channel type
[11:37:38] [Server thread/WARN]: **** SERVER IS RUNNING IN OFFLINE/INSECURE MODE!
[11:37:38] [Server thread/WARN]: The server will make no attempt to authenticate usernames. Beware.
[11:37:38] [Server thread/WARN]: While this makes the game possible to play without internet access, it also opens up the ability for hackers to connect with any username they choose.
[11:37:38] [Server thread/WARN]: To change this, set "online-mode" to "true" in the server.properties file.
[11:37:38] [Server thread/INFO]: Preparing level "world"
[11:37:38] [Server thread/INFO]: Reloading ResourceManager: Default
[11:37:52] [Server thread/INFO]: Loaded 6 recipes
[11:37:52] [Server thread/INFO]: Loaded 864 advancements
[11:37:52] [Server thread/INFO]: Preparing start region for dimension minecraft:overworld
[11:37:53] [Server thread/INFO]: Preparing spawn area: 0%
[11:37:53] [Server thread/INFO]: Preparing spawn area: 0%
[11:37:53] [Server thread/INFO]: Preparing spawn area: 0%
[11:37:55] [Worker-2/INFO]: Preparing spawn area: 83%
[11:37:55] [Worker-1/INFO]: Preparing spawn area: 83%
[11:37:55] [Worker-1/INFO]: Preparing spawn area: 83%
[11:37:55] [Worker-2/INFO]: Preparing spawn area: 95%
[11:37:56] [Worker-3/INFO]: Preparing spawn area: 96%
[11:37:56] [Server thread/INFO]: Time elapsed: 3774 ms
[11:37:56] [Server thread/INFO]: Done (18.507s)! For help, type "help"
[11:38:18] [Server thread/INFO]: Lord_Mark[/[0:0:0:0:0:0:0:1%0]:43718] logged in with entity id 278 at (77.6075022909998, 70.0, -227.8137285634172)
[11:38:18] [Server thread/INFO]: Lord_Mark joined the game
[11:38:41] [Server thread/INFO]: Lord_Mark has made the advancement [Diamonds!]
[11:40:13] [Server thread/INFO]: Lord_Mark has made the advancement [Acquire Hardware]
[11:41:11] [Server thread/INFO]: Lord_Mark lost connection: Disconnected
[11:41:11] [Server thread/INFO]: Lord_Mark left the game
